#
# There is insufficient memory for the Java Runtime Environment to continue.
# Native memory allocation (malloc) failed to allocate 1508336 bytes for Chunk::new
# Possible reasons:
#   The system is out of physical RAM or swap space
#   The process is running with CompressedOops enabled, and the Java Heap may be blocking the growth of the native heap
# Possible solutions:
#   Reduce memory load on the system
#   Increase physical memory or swap space
#   Check if swap backing store is full
#   Decrease Java heap size (-Xmx/-Xms)
#   Decrease number of Java threads
#   Decrease Java thread stack sizes (-Xss)
#   Set larger code cache with -XX:ReservedCodeCacheSize=
#   JVM is running with Unscaled Compressed Oops mode in which the Java heap is
#     placed in the first 4GB address space. The Java Heap base address is the
#     maximum limit for the native heap growth. Please use -XX:HeapBaseMinAddress
#     to set the Java Heap base and to place the Java Heap above 4GB virtual address.
# This output file may be truncated or incomplete.
#
#  Out of Memory Error (arena.cpp:168), pid=19048, tid=13480
#
# JRE version: Java(TM) SE Runtime Environment (21.0.10+8) (build 21.0.10+8-LTS-217)
# Java VM: Java HotSpot(TM) 64-Bit Server VM (21.0.10+8-LTS-217, mixed mode, sharing, tiered, compressed oops, compressed class ptrs, g1 gc, windows-amd64)
# No core dump will be written. Minidumps are not enabled by default on client versions of Windows
#

---------------  S U M M A R Y ------------

Command Line: C:\Users\usuario\AppData\Local\Temp\surefire5834145006772497523\surefirebooter-20260405220442795_3.jar C:\Users\usuario\AppData\Local\Temp\surefire5834145006772497523 2026-04-05T22-04-41_605-jvmRun1 surefire-20260405220442795_1tmp surefire_0-20260405220442795_2tmp

Host: AMD Ryzen 5 7520U with Radeon Graphics         , 8 cores, 7G,  Windows 11 , 64 bit Build 26100 (10.0.26100.7920)
Time: Sun Apr  5 22:04:49 2026 Hora est. Pacífico, Sudamérica elapsed time: 5.557769 seconds (0d 0h 0m 5s)

---------------  T H R E A D  ---------------

Current thread (0x000001d3f94341c0):  JavaThread "C2 CompilerThread0" daemon [_thread_in_native, id=13480, stack(0x0000000ac4200000,0x0000000ac4300000) (1024K)]


Current CompileTask:
C2:   5557 1690       4       java.lang.invoke.MethodType::makeImpl (109 bytes)

Stack: [0x0000000ac4200000,0x0000000ac4300000]
Native frames: (J=compiled Java code, j=interpreted, Vv=VM code, C=native code)
V  [jvm.dll+0x6d0b59]
V  [jvm.dll+0x85fd56]
V  [jvm.dll+0x86224e]
V  [jvm.dll+0x862923]
V  [jvm.dll+0x282a16]
V  [jvm.dll+0xc662d]
V  [jvm.dll+0xc6b71]
V  [jvm.dll+0x3bbb5b]
V  [jvm.dll+0x387fd2]
V  [jvm.dll+0x38741a]
V  [jvm.dll+0x24b370]
V  [jvm.dll+0x24a94f]
V  [jvm.dll+0x1cacfe]
V  [jvm.dll+0x25a629]
V  [jvm.dll+0x258bb5]
V  [jvm.dll+0x3f4da1]
V  [jvm.dll+0x80a83d]
V  [jvm.dll+0x6cf3fd]
C  [ucrtbase.dll+0x37b0]
C  [KERNEL32.DLL+0x2e8d7]
C  [ntdll.dll+0x8c48c]


---------------  P R O C E S S  ---------------

Threads class SMR info:
_java_thread_list=0x000001d3f97f90a0, length=13, elements={
0x000001d3e9b91160, 0x000001d3f94286f0, 0x000001d3f942c160, 0x000001d3f942f740,
0x000001d3f9430890, 0x000001d3f9431e60, 0x000001d3f94328c0, 0x000001d3f94341c0,
0x000001d3f94357d0, 0x000001d3f96e0790, 0x000001d3f970e5e0, 0x000001d3f984acf0,
0x000001d3fe69c280
}

Java Threads: ( => current thread )
  0x000001d3e9b91160 JavaThread "main"                              [_thread_in_native, id=20368, stack(0x0000000ac3400000,0x0000000ac3500000) (1024K)]
  0x000001d3f94286f0 JavaThread "Reference Handler"          daemon [_thread_blocked, id=8032, stack(0x0000000ac3c00000,0x0000000ac3d00000) (1024K)]
  0x000001d3f942c160 JavaThread "Finalizer"                  daemon [_thread_blocked, id=9292, stack(0x0000000ac3d00000,0x0000000ac3e00000) (1024K)]
  0x000001d3f942f740 JavaThread "Signal Dispatcher"          daemon [_thread_blocked, id=11204, stack(0x0000000ac3e00000,0x0000000ac3f00000) (1024K)]
  0x000001d3f9430890 JavaThread "Attach Listener"            daemon [_thread_blocked, id=17908, stack(0x0000000ac3f00000,0x0000000ac4000000) (1024K)]
  0x000001d3f9431e60 JavaThread "Service Thread"             daemon [_thread_blocked, id=19232, stack(0x0000000ac4000000,0x0000000ac4100000) (1024K)]
  0x000001d3f94328c0 JavaThread "Monitor Deflation Thread"   daemon [_thread_blocked, id=7624, stack(0x0000000ac4100000,0x0000000ac4200000) (1024K)]
=>0x000001d3f94341c0 JavaThread "C2 CompilerThread0"         daemon [_thread_in_native, id=13480, stack(0x0000000ac4200000,0x0000000ac4300000) (1024K)]
  0x000001d3f94357d0 JavaThread "C1 CompilerThread0"         daemon [_thread_blocked, id=14548, stack(0x0000000ac4300000,0x0000000ac4400000) (1024K)]
  0x000001d3f96e0790 JavaThread "Notification Thread"        daemon [_thread_blocked, id=18276, stack(0x0000000ac4400000,0x0000000ac4500000) (1024K)]
  0x000001d3f970e5e0 JavaThread "Common-Cleaner"             daemon [_thread_blocked, id=2904, stack(0x0000000ac4500000,0x0000000ac4600000) (1024K)]
  0x000001d3f984acf0 JavaThread "surefire-forkedjvm-stream-flusher" daemon [_thread_blocked, id=3892, stack(0x0000000ac4600000,0x0000000ac4700000) (1024K)]
  0x000001d3fe69c280 JavaThread "surefire-forkedjvm-command-thread" daemon [_thread_in_native, id=5232, stack(0x0000000ac4700000,0x0000000ac4800000) (1024K)]
Total: 13

Other Threads:
  0x000001d3f9406e90 VMThread "VM Thread"                           [id=18416, stack(0x0000000ac3b00000,0x0000000ac3c00000) (1024K)]
  0x000001d3f93f7940 WatcherThread "VM Periodic Task Thread"        [id=19668, stack(0x0000000ac3a00000,0x0000000ac3b00000) (1024K)]
  0x000001d3ea075840 WorkerThread "GC Thread#0"                     [id=10988, stack(0x0000000ac3500000,0x0000000ac3600000) (1024K)]
  0x000001d3feb750c0 WorkerThread "GC Thread#1"                     [id=6728, stack(0x0000000ac4800000,0x0000000ac4900000) (1024K)]
  0x000001d3feb961c0 WorkerThread "GC Thread#2"                     [id=16500, stack(0x0000000ac4900000,0x0000000ac4a00000) (1024K)]
  0x000001d3feb96570 WorkerThread "GC Thread#3"                     [id=19164, stack(0x0000000ac4a00000,0x0000000ac4b00000) (1024K)]
  0x000001d3feb96920 WorkerThread "GC Thread#4"                     [id=20116, stack(0x0000000ac4b00000,0x0000000ac4c00000) (1024K)]
  0x000001d3ea084f00 ConcurrentGCThread "G1 Main Marker"            [id=20048, stack(0x0000000ac3600000,0x0000000ac3700000) (1024K)]
  0x000001d3ea086fb0 WorkerThread "G1 Conc#0"                       [id=2688, stack(0x0000000ac3700000,0x0000000ac3800000) (1024K)]
  0x000001d3f92c64f0 ConcurrentGCThread "G1 Refine#0"               [id=10148, stack(0x0000000ac3800000,0x0000000ac3900000) (1024K)]
  0x000001d3ea0ee7b0 ConcurrentGCThread "G1 Service"                [id=17104, stack(0x0000000ac3900000,0x0000000ac3a00000) (1024K)]
Total: 11

Threads with active compile tasks:
C2 CompilerThread0     5624 1690       4       java.lang.invoke.MethodType::makeImpl (109 bytes)
Total: 1

VM state: not at safepoint (normal execution)

VM Mutex/Monitor currently owned by a thread: None

Heap address: 0x000000008c200000, size: 1854 MB, Compressed Oops mode: 32-bit

CDS archive(s) mapped at: [0x000001d38f000000-0x000001d38fc90000-0x000001d38fc90000), size 13172736, SharedBaseAddress: 0x000001d38f000000, ArchiveRelocationMode: 1.
Compressed class space mapped at: 0x000001d390000000-0x000001d3d0000000, reserved size: 1073741824
Narrow klass base: 0x000001d38f000000, Narrow klass shift: 0, Narrow klass range: 0x100000000

GC Precious Log:
 CardTable entry size: 512
 Card Set container configuration: InlinePtr #cards 5 size 8 Array Of Cards #cards 12 size 40 Howl #buckets 4 coarsen threshold 1843 Howl Bitmap #cards 512 size 80 coarsen threshold 460 Card regions per heap region 1 cards per card region 2048
 CPUs: 8 total, 8 available
 Memory: 7413M
 Large Page Support: Disabled
 NUMA Support: Disabled
 Compressed Oops: Enabled (32-bit)
 Heap Region Size: 1M
 Heap Min Capacity: 8M
 Heap Initial Capacity: 116M
 Heap Max Capacity: 1854M
 Pre-touch: Disabled
 Parallel Workers: 8
 Concurrent Workers: 2
 Concurrent Refinement Workers: 8
 Periodic GC: Disabled

Heap:
 garbage-first heap   total 118784K, used 24192K [0x000000008c200000, 0x0000000100000000)
  region size 1024K, 18 young (18432K), 3 survivors (3072K)
 Metaspace       used 8296K, committed 8640K, reserved 1114112K
  class space    used 1044K, committed 1216K, reserved 1048576K

Heap Regions: E=young(eden), S=young(survivor), O=old, HS=humongous(starts), HC=humongous(continues), CS=collection set, F=free, TAMS=top-at-mark-start, PB=parsable bottom
|   0|0x000000008c200000, 0x000000008c300000, 0x000000008c300000|100%|HS|  |TAMS 0x000000008c200000| PB 0x000000008c200000| Complete 
|   1|0x000000008c300000, 0x000000008c400000, 0x000000008c400000|100%|HS|  |TAMS 0x000000008c300000| PB 0x000000008c300000| Complete 
|   2|0x000000008c400000, 0x000000008c500000, 0x000000008c500000|100%| O|  |TAMS 0x000000008c400000| PB 0x000000008c400000| Untracked 
|   3|0x000000008c500000, 0x000000008c600000, 0x000000008c600000|100%| O|  |TAMS 0x000000008c500000| PB 0x000000008c500000| Untracked 
|   4|0x000000008c600000, 0x000000008c700000, 0x000000008c700000|100%| O|  |TAMS 0x000000008c600000| PB 0x000000008c600000| Untracked 
|   5|0x000000008c700000, 0x000000008c800000, 0x000000008c800000|100%| O|  |TAMS 0x000000008c700000| PB 0x000000008c700000| Untracked 
|   6|0x000000008c800000, 0x000000008c8a0000, 0x000000008c900000| 62%| O|  |TAMS 0x000000008c800000| PB 0x000000008c800000| Untracked 
|   7|0x000000008c900000, 0x000000008c900000, 0x000000008ca00000|  0%| F|  |TAMS 0x000000008c900000| PB 0x000000008c900000| Untracked 
|   8|0x000000008ca00000, 0x000000008ca00000, 0x000000008cb00000|  0%| F|  |TAMS 0x000000008ca00000| PB 0x000000008ca00000| Untracked 
|   9|0x000000008cb00000, 0x000000008cb00000, 0x000000008cc00000|  0%| F|  |TAMS 0x000000008cb00000| PB 0x000000008cb00000| Untracked 
|  10|0x000000008cc00000, 0x000000008cc00000, 0x000000008cd00000|  0%| F|  |TAMS 0x000000008cc00000| PB 0x000000008cc00000| Untracked 
|  11|0x000000008cd00000, 0x000000008cd00000, 0x000000008ce00000|  0%| F|  |TAMS 0x000000008cd00000| PB 0x000000008cd00000| Untracked 
|  12|0x000000008ce00000, 0x000000008ce00000, 0x000000008cf00000|  0%| F|  |TAMS 0x000000008ce00000| PB 0x000000008ce00000| Untracked 
|  13|0x000000008cf00000, 0x000000008cf00000, 0x000000008d000000|  0%| F|  |TAMS 0x000000008cf00000| PB 0x000000008cf00000| Untracked 
|  14|0x000000008d000000, 0x000000008d000000, 0x000000008d100000|  0%| F|  |TAMS 0x000000008d000000| PB 0x000000008d000000| Untracked 
|  15|0x000000008d100000, 0x000000008d100000, 0x000000008d200000|  0%| F|  |TAMS 0x000000008d100000| PB 0x000000008d100000| Untracked 
|  16|0x000000008d200000, 0x000000008d200000, 0x000000008d300000|  0%| F|  |TAMS 0x000000008d200000| PB 0x000000008d200000| Untracked 
|  17|0x000000008d300000, 0x000000008d300000, 0x000000008d400000|  0%| F|  |TAMS 0x000000008d300000| PB 0x000000008d300000| Untracked 
|  18|0x000000008d400000, 0x000000008d400000, 0x000000008d500000|  0%| F|  |TAMS 0x000000008d400000| PB 0x000000008d400000| Untracked 
|  19|0x000000008d500000, 0x000000008d500000, 0x000000008d600000|  0%| F|  |TAMS 0x000000008d500000| PB 0x000000008d500000| Untracked 
|  20|0x000000008d600000, 0x000000008d600000, 0x000000008d700000|  0%| F|  |TAMS 0x000000008d600000| PB 0x000000008d600000| Untracked 
|  21|0x000000008d700000, 0x000000008d700000, 0x000000008d800000|  0%| F|  |TAMS 0x000000008d700000| PB 0x000000008d700000| Untracked 
|  22|0x000000008d800000, 0x000000008d800000, 0x000000008d900000|  0%| F|  |TAMS 0x000000008d800000| PB 0x000000008d800000| Untracked 
|  23|0x000000008d900000, 0x000000008d900000, 0x000000008da00000|  0%| F|  |TAMS 0x000000008d900000| PB 0x000000008d900000| Untracked 
|  24|0x000000008da00000, 0x000000008da00000, 0x000000008db00000|  0%| F|  |TAMS 0x000000008da00000| PB 0x000000008da00000| Untracked 
|  25|0x000000008db00000, 0x000000008db00000, 0x000000008dc00000|  0%| F|  |TAMS 0x000000008db00000| PB 0x000000008db00000| Untracked 
|  26|0x000000008dc00000, 0x000000008dc00000, 0x000000008dd00000|  0%| F|  |TAMS 0x000000008dc00000| PB 0x000000008dc00000| Untracked 
|  27|0x000000008dd00000, 0x000000008dd00000, 0x000000008de00000|  0%| F|  |TAMS 0x000000008dd00000| PB 0x000000008dd00000| Untracked 
|  28|0x000000008de00000, 0x000000008de00000, 0x000000008df00000|  0%| F|  |TAMS 0x000000008de00000| PB 0x000000008de00000| Untracked 
|  29|0x000000008df00000, 0x000000008df00000, 0x000000008e000000|  0%| F|  |TAMS 0x000000008df00000| PB 0x000000008df00000| Untracked 
|  30|0x000000008e000000, 0x000000008e000000, 0x000000008e100000|  0%| F|  |TAMS 0x000000008e000000| PB 0x000000008e000000| Untracked 
|  31|0x000000008e100000, 0x000000008e100000, 0x000000008e200000|  0%| F|  |TAMS 0x000000008e100000| PB 0x000000008e100000| Untracked 
|  32|0x000000008e200000, 0x000000008e200000, 0x000000008e300000|  0%| F|  |TAMS 0x000000008e200000| PB 0x000000008e200000| Untracked 
|  33|0x000000008e300000, 0x000000008e300000, 0x000000008e400000|  0%| F|  |TAMS 0x000000008e300000| PB 0x000000008e300000| Untracked 
|  34|0x000000008e400000, 0x000000008e400000, 0x000000008e500000|  0%| F|  |TAMS 0x000000008e400000| PB 0x000000008e400000| Untracked 
|  35|0x000000008e500000, 0x000000008e500000, 0x000000008e600000|  0%| F|  |TAMS 0x000000008e500000| PB 0x000000008e500000| Untracked 
|  36|0x000000008e600000, 0x000000008e600000, 0x000000008e700000|  0%| F|  |TAMS 0x000000008e600000| PB 0x000000008e600000| Untracked 
|  37|0x000000008e700000, 0x000000008e700000, 0x000000008e800000|  0%| F|  |TAMS 0x000000008e700000| PB 0x000000008e700000| Untracked 
|  38|0x000000008e800000, 0x000000008e800000, 0x000000008e900000|  0%| F|  |TAMS 0x000000008e800000| PB 0x000000008e800000| Untracked 
|  39|0x000000008e900000, 0x000000008e900000, 0x000000008ea00000|  0%| F|  |TAMS 0x000000008e900000| PB 0x000000008e900000| Untracked 
|  40|0x000000008ea00000, 0x000000008ea00000, 0x000000008eb00000|  0%| F|  |TAMS 0x000000008ea00000| PB 0x000000008ea00000| Untracked 
|  41|0x000000008eb00000, 0x000000008eb00000, 0x000000008ec00000|  0%| F|  |TAMS 0x000000008eb00000| PB 0x000000008eb00000| Untracked 
|  42|0x000000008ec00000, 0x000000008ec00000, 0x000000008ed00000|  0%| F|  |TAMS 0x000000008ec00000| PB 0x000000008ec00000| Untracked 
|  43|0x000000008ed00000, 0x000000008ed00000, 0x000000008ee00000|  0%| F|  |TAMS 0x000000008ed00000| PB 0x000000008ed00000| Untracked 
|  44|0x000000008ee00000, 0x000000008ee00000, 0x000000008ef00000|  0%| F|  |TAMS 0x000000008ee00000| PB 0x000000008ee00000| Untracked 
|  45|0x000000008ef00000, 0x000000008ef00000, 0x000000008f000000|  0%| F|  |TAMS 0x000000008ef00000| PB 0x000000008ef00000| Untracked 
|  46|0x000000008f000000, 0x000000008f000000, 0x000000008f100000|  0%| F|  |TAMS 0x000000008f000000| PB 0x000000008f000000| Untracked 
|  47|0x000000008f100000, 0x000000008f100000, 0x000000008f200000|  0%| F|  |TAMS 0x000000008f100000| PB 0x000000008f100000| Untracked 
|  48|0x000000008f200000, 0x000000008f200000, 0x000000008f300000|  0%| F|  |TAMS 0x000000008f200000| PB 0x000000008f200000| Untracked 
|  49|0x000000008f300000, 0x000000008f300000, 0x000000008f400000|  0%| F|  |TAMS 0x000000008f300000| PB 0x000000008f300000| Untracked 
|  50|0x000000008f400000, 0x000000008f400000, 0x000000008f500000|  0%| F|  |TAMS 0x000000008f400000| PB 0x000000008f400000| Untracked 
|  51|0x000000008f500000, 0x000000008f500000, 0x000000008f600000|  0%| F|  |TAMS 0x000000008f500000| PB 0x000000008f500000| Untracked 
|  52|0x000000008f600000, 0x000000008f600000, 0x000000008f700000|  0%| F|  |TAMS 0x000000008f600000| PB 0x000000008f600000| Untracked 
|  53|0x000000008f700000, 0x000000008f700000, 0x000000008f800000|  0%| F|  |TAMS 0x000000008f700000| PB 0x000000008f700000| Untracked 
|  54|0x000000008f800000, 0x000000008f800000, 0x000000008f900000|  0%| F|  |TAMS 0x000000008f800000| PB 0x000000008f800000| Untracked 
|  55|0x000000008f900000, 0x000000008f900000, 0x000000008fa00000|  0%| F|  |TAMS 0x000000008f900000| PB 0x000000008f900000| Untracked 
|  56|0x000000008fa00000, 0x000000008fa00000, 0x000000008fb00000|  0%| F|  |TAMS 0x000000008fa00000| PB 0x000000008fa00000| Untracked 
|  57|0x000000008fb00000, 0x000000008fb00000, 0x000000008fc00000|  0%| F|  |TAMS 0x000000008fb00000| PB 0x000000008fb00000| Untracked 
|  58|0x000000008fc00000, 0x000000008fc00000, 0x000000008fd00000|  0%| F|  |TAMS 0x000000008fc00000| PB 0x000000008fc00000| Untracked 
|  59|0x000000008fd00000, 0x000000008fd00000, 0x000000008fe00000|  0%| F|  |TAMS 0x000000008fd00000| PB 0x000000008fd00000| Untracked 
|  60|0x000000008fe00000, 0x000000008fe00000, 0x000000008ff00000|  0%| F|  |TAMS 0x000000008fe00000| PB 0x000000008fe00000| Untracked 
|  61|0x000000008ff00000, 0x000000008ff00000, 0x0000000090000000|  0%| F|  |TAMS 0x000000008ff00000| PB 0x000000008ff00000| Untracked 
|  62|0x0000000090000000, 0x0000000090000000, 0x0000000090100000|  0%| F|  |TAMS 0x0000000090000000| PB 0x0000000090000000| Untracked 
|  63|0x0000000090100000, 0x0000000090100000, 0x0000000090200000|  0%| F|  |TAMS 0x0000000090100000| PB 0x0000000090100000| Untracked 
|  64|0x0000000090200000, 0x0000000090200000, 0x0000000090300000|  0%| F|  |TAMS 0x0000000090200000| PB 0x0000000090200000| Untracked 
|  65|0x0000000090300000, 0x0000000090300000, 0x0000000090400000|  0%| F|  |TAMS 0x0000000090300000| PB 0x0000000090300000| Untracked 
|  66|0x0000000090400000, 0x0000000090400000, 0x0000000090500000|  0%| F|  |TAMS 0x0000000090400000| PB 0x0000000090400000| Untracked 
|  67|0x0000000090500000, 0x0000000090500000, 0x0000000090600000|  0%| F|  |TAMS 0x0000000090500000| PB 0x0000000090500000| Untracked 
|  68|0x0000000090600000, 0x0000000090600000, 0x0000000090700000|  0%| F|  |TAMS 0x0000000090600000| PB 0x0000000090600000| Untracked 
|  69|0x0000000090700000, 0x0000000090700000, 0x0000000090800000|  0%| F|  |TAMS 0x0000000090700000| PB 0x0000000090700000| Untracked 
|  70|0x0000000090800000, 0x0000000090800000, 0x0000000090900000|  0%| F|  |TAMS 0x0000000090800000| PB 0x0000000090800000| Untracked 
|  71|0x0000000090900000, 0x0000000090900000, 0x0000000090a00000|  0%| F|  |TAMS 0x0000000090900000| PB 0x0000000090900000| Untracked 
|  72|0x0000000090a00000, 0x0000000090a00000, 0x0000000090b00000|  0%| F|  |TAMS 0x0000000090a00000| PB 0x0000000090a00000| Untracked 
|  73|0x0000000090b00000, 0x0000000090b00000, 0x0000000090c00000|  0%| F|  |TAMS 0x0000000090b00000| PB 0x0000000090b00000| Untracked 
|  74|0x0000000090c00000, 0x0000000090c00000, 0x0000000090d00000|  0%| F|  |TAMS 0x0000000090c00000| PB 0x0000000090c00000| Untracked 
|  75|0x0000000090d00000, 0x0000000090d00000, 0x0000000090e00000|  0%| F|  |TAMS 0x0000000090d00000| PB 0x0000000090d00000| Untracked 
|  76|0x0000000090e00000, 0x0000000090e00000, 0x0000000090f00000|  0%| F|  |TAMS 0x0000000090e00000| PB 0x0000000090e00000| Untracked 
|  77|0x0000000090f00000, 0x0000000090f00000, 0x0000000091000000|  0%| F|  |TAMS 0x0000000090f00000| PB 0x0000000090f00000| Untracked 
|  78|0x0000000091000000, 0x0000000091000000, 0x0000000091100000|  0%| F|  |TAMS 0x0000000091000000| PB 0x0000000091000000| Untracked 
|  79|0x0000000091100000, 0x0000000091100000, 0x0000000091200000|  0%| F|  |TAMS 0x0000000091100000| PB 0x0000000091100000| Untracked 
|  80|0x0000000091200000, 0x0000000091200000, 0x0000000091300000|  0%| F|  |TAMS 0x0000000091200000| PB 0x0000000091200000| Untracked 
|  81|0x0000000091300000, 0x0000000091300000, 0x0000000091400000|  0%| F|  |TAMS 0x0000000091300000| PB 0x0000000091300000| Untracked 
|  82|0x0000000091400000, 0x0000000091400000, 0x0000000091500000|  0%| F|  |TAMS 0x0000000091400000| PB 0x0000000091400000| Untracked 
|  83|0x0000000091500000, 0x0000000091500000, 0x0000000091600000|  0%| F|  |TAMS 0x0000000091500000| PB 0x0000000091500000| Untracked 
|  84|0x0000000091600000, 0x0000000091600000, 0x0000000091700000|  0%| F|  |TAMS 0x0000000091600000| PB 0x0000000091600000| Untracked 
|  85|0x0000000091700000, 0x0000000091700000, 0x0000000091800000|  0%| F|  |TAMS 0x0000000091700000| PB 0x0000000091700000| Untracked 
|  86|0x0000000091800000, 0x0000000091800000, 0x0000000091900000|  0%| F|  |TAMS 0x0000000091800000| PB 0x0000000091800000| Untracked 
|  87|0x0000000091900000, 0x0000000091900000, 0x0000000091a00000|  0%| F|  |TAMS 0x0000000091900000| PB 0x0000000091900000| Untracked 
|  88|0x0000000091a00000, 0x0000000091a00000, 0x0000000091b00000|  0%| F|  |TAMS 0x0000000091a00000| PB 0x0000000091a00000| Untracked 
|  89|0x0000000091b00000, 0x0000000091b00000, 0x0000000091c00000|  0%| F|  |TAMS 0x0000000091b00000| PB 0x0000000091b00000| Untracked 
|  90|0x0000000091c00000, 0x0000000091d00000, 0x0000000091d00000|100%| S|CS|TAMS 0x0000000091c00000| PB 0x0000000091c00000| Complete 
|  91|0x0000000091d00000, 0x0000000091e00000, 0x0000000091e00000|100%| S|CS|TAMS 0x0000000091d00000| PB 0x0000000091d00000| Complete 
|  92|0x0000000091e00000, 0x0000000091f00000, 0x0000000091f00000|100%| S|CS|TAMS 0x0000000091e00000| PB 0x0000000091e00000| Complete 
|  93|0x0000000091f00000, 0x0000000091f00000, 0x0000000092000000|  0%| F|  |TAMS 0x0000000091f00000| PB 0x0000000091f00000| Untracked 
|  94|0x0000000092000000, 0x0000000092000000, 0x0000000092100000|  0%| F|  |TAMS 0x0000000092000000| PB 0x0000000092000000| Untracked 
|  95|0x0000000092100000, 0x0000000092100000, 0x0000000092200000|  0%| F|  |TAMS 0x0000000092100000| PB 0x0000000092100000| Untracked 
|  96|0x0000000092200000, 0x0000000092200000, 0x0000000092300000|  0%| F|  |TAMS 0x0000000092200000| PB 0x0000000092200000| Untracked 
|  97|0x0000000092300000, 0x0000000092300000, 0x0000000092400000|  0%| F|  |TAMS 0x0000000092300000| PB 0x0000000092300000| Untracked 
|  98|0x0000000092400000, 0x0000000092400000, 0x0000000092500000|  0%| F|  |TAMS 0x0000000092400000| PB 0x0000000092400000| Untracked 
|  99|0x0000000092500000, 0x0000000092500000, 0x0000000092600000|  0%| F|  |TAMS 0x0000000092500000| PB 0x0000000092500000| Untracked 
| 100|0x0000000092600000, 0x0000000092600000, 0x0000000092700000|  0%| F|  |TAMS 0x0000000092600000| PB 0x0000000092600000| Untracked 
| 101|0x0000000092700000, 0x00000000927c9230, 0x0000000092800000| 78%| E|  |TAMS 0x0000000092700000| PB 0x0000000092700000| Complete 
| 102|0x0000000092800000, 0x0000000092900000, 0x0000000092900000|100%| E|CS|TAMS 0x0000000092800000| PB 0x0000000092800000| Complete 
| 103|0x0000000092900000, 0x0000000092a00000, 0x0000000092a00000|100%| E|CS|TAMS 0x0000000092900000| PB 0x0000000092900000| Complete 
| 104|0x0000000092a00000, 0x0000000092b00000, 0x0000000092b00000|100%| E|CS|TAMS 0x0000000092a00000| PB 0x0000000092a00000| Complete 
| 105|0x0000000092b00000, 0x0000000092c00000, 0x0000000092c00000|100%| E|CS|TAMS 0x0000000092b00000| PB 0x0000000092b00000| Complete 
| 106|0x0000000092c00000, 0x0000000092d00000, 0x0000000092d00000|100%| E|CS|TAMS 0x0000000092c00000| PB 0x0000000092c00000| Complete 
| 107|0x0000000092d00000, 0x0000000092e00000, 0x0000000092e00000|100%| E|CS|TAMS 0x0000000092d00000| PB 0x0000000092d00000| Complete 
| 108|0x0000000092e00000, 0x0000000092f00000, 0x0000000092f00000|100%| E|CS|TAMS 0x0000000092e00000| PB 0x0000000092e00000| Complete 
| 109|0x0000000092f00000, 0x0000000093000000, 0x0000000093000000|100%| E|CS|TAMS 0x0000000092f00000| PB 0x0000000092f00000| Complete 
| 110|0x0000000093000000, 0x0000000093100000, 0x0000000093100000|100%| E|CS|TAMS 0x0000000093000000| PB 0x0000000093000000| Complete 
| 111|0x0000000093100000, 0x0000000093200000, 0x0000000093200000|100%| E|CS|TAMS 0x0000000093100000| PB 0x0000000093100000| Complete 
| 112|0x0000000093200000, 0x0000000093300000, 0x0000000093300000|100%| E|CS|TAMS 0x0000000093200000| PB 0x0000000093200000| Complete 
| 113|0x0000000093300000, 0x0000000093400000, 0x0000000093400000|100%| E|CS|TAMS 0x0000000093300000| PB 0x0000000093300000| Complete 
| 114|0x0000000093400000, 0x0000000093500000, 0x0000000093500000|100%| E|CS|TAMS 0x0000000093400000| PB 0x0000000093400000| Complete 
| 115|0x0000000093500000, 0x0000000093600000, 0x0000000093600000|100%| E|CS|TAMS 0x0000000093500000| PB 0x0000000093500000| Complete 

Card table byte_map: [0x000001d3f48c0000,0x000001d3f4c60000] _byte_map_base: 0x000001d3f445f000

Marking Bits: (CMBitMap*) 0x000001d3ea075e60
 Bits: [0x000001d3f4c60000, 0x000001d3f6958000)

Polling page: 0x000001d3e9d80000

Metaspace:

Usage:
  Non-class:      7.10 MB used.
      Class:      1.02 MB used.
       Both:      8.12 MB used.

Virtual space:
  Non-class space:       64.00 MB reserved,       7.25 MB ( 11%) committed,  1 nodes.
      Class space:        1.00 GB reserved,       1.19 MB ( <1%) committed,  1 nodes.
             Both:        1.06 GB reserved,       8.44 MB ( <1%) committed. 

Chunk freelists:
   Non-Class:  8.20 MB
       Class:  14.81 MB
        Both:  23.01 MB

MaxMetaspaceSize: unlimited
CompressedClassSpaceSize: 1.00 GB
Initial GC threshold: 21.00 MB
Current GC threshold: 21.00 MB
CDS: on
 - commit_granule_bytes: 65536.
 - commit_granule_words: 8192.
 - virtual_space_node_default_size: 8388608.
 - enlarge_chunks_in_place: 1.
 - use_allocation_guard: 0.


Internal statistics:

num_allocs_failed_limit: 0.
num_arena_births: 286.
num_arena_deaths: 0.
num_vsnodes_births: 2.
num_vsnodes_deaths: 0.
num_space_committed: 135.
num_space_uncommitted: 0.
num_chunks_returned_to_freelist: 0.
num_chunks_taken_from_freelist: 576.
num_chunk_merges: 0.
num_chunk_splits: 338.
num_chunks_enlarged: 193.
num_inconsistent_stats: 0.

CodeHeap 'non-profiled nmethods': size=120000Kb used=607Kb max_used=607Kb free=119392Kb
 bounds [0x000001d387ad0000, 0x000001d387d40000, 0x000001d38f000000]
CodeHeap 'profiled nmethods': size=120000Kb used=3393Kb max_used=3393Kb free=116606Kb
 bounds [0x000001d380000000, 0x000001d380360000, 0x000001d387530000]
CodeHeap 'non-nmethods': size=5760Kb used=1356Kb max_used=1366Kb free=4404Kb
 bounds [0x000001d387530000, 0x000001d3877a0000, 0x000001d387ad0000]
 total_blobs=2205 nmethods=1744 adapters=366
 compilation: enabled
              stopped_count=0, restarted_count=0
 full_count=0

Compilation events (20 events):
Event: 4.530 Thread 0x000001d3f94357d0 nmethod 1730 0x000001d380347e10 code [0x000001d380347fc0, 0x000001d380348230]
Event: 4.531 Thread 0x000001d3f94357d0 1731       3       java.lang.Character::isSurrogate (18 bytes)
Event: 4.531 Thread 0x000001d3f94357d0 nmethod 1731 0x000001d380348310 code [0x000001d3803484a0, 0x000001d380348620]
Event: 4.531 Thread 0x000001d3f94357d0 1732       3       java.util.regex.Pattern::peek (26 bytes)
Event: 4.531 Thread 0x000001d3f94357d0 nmethod 1732 0x000001d380348690 code [0x000001d380348840, 0x000001d380348aa0]
Event: 4.531 Thread 0x000001d3f94357d0 1734       3       java.util.regex.Pattern::next (33 bytes)
Event: 4.532 Thread 0x000001d3f94357d0 nmethod 1734 0x000001d380348c10 code [0x000001d380348dc0, 0x000001d380349028]
Event: 4.532 Thread 0x000001d3f94357d0 1735       3       java.util.regex.Pattern$Node::<init> (12 bytes)
Event: 4.532 Thread 0x000001d3f94357d0 nmethod 1735 0x000001d380349190 code [0x000001d380349340, 0x000001d380349510]
Event: 4.532 Thread 0x000001d3f94357d0 1736       3       java.util.regex.Pattern::append (43 bytes)
Event: 4.533 Thread 0x000001d3f94357d0 nmethod 1736 0x000001d380349610 code [0x000001d380349800, 0x000001d380349bf0]
Event: 4.533 Thread 0x000001d3f94357d0 1737       3       java.util.regex.ASCII::toLower (16 bytes)
Event: 4.533 Thread 0x000001d3f94357d0 nmethod 1737 0x000001d380349d90 code [0x000001d380349f40, 0x000001d38034a138]
Event: 4.533 Thread 0x000001d3f94357d0 1738       3       java.util.regex.ASCII::isUpper (18 bytes)
Event: 4.534 Thread 0x000001d3f94357d0 nmethod 1738 0x000001d38034a210 code [0x000001d38034a3a0, 0x000001d38034a4f8]
Event: 4.534 Thread 0x000001d3f94357d0 1740       3       java.util.regex.Matcher::reset (128 bytes)
Event: 4.534 Thread 0x000001d3f94357d0 nmethod 1740 0x000001d38034a590 code [0x000001d38034a780, 0x000001d38034ad30]
Event: 4.534 Thread 0x000001d3f94357d0 1739   !   3       java.util.regex.Pattern::closure (276 bytes)
Event: 4.537 Thread 0x000001d3f94357d0 nmethod 1739 0x000001d38034af90 code [0x000001d38034b3c0, 0x000001d38034cde0]
Event: 4.665 Thread 0x000001d3f94357d0 1742       3       java.util.concurrent.locks.ReentrantLock$NonfairSync::initialTryLock (58 bytes)

GC Heap History (2 events):
Event: 3.146 GC heap before
{Heap before GC invocations=0 (full 0):
 garbage-first heap   total 118784K, used 24576K [0x000000008c200000, 0x0000000100000000)
  region size 1024K, 23 young (23552K), 0 survivors (0K)
 Metaspace       used 4753K, committed 4864K, reserved 1114112K
  class space    used 522K, committed 576K, reserved 1048576K
}
Event: 3.161 GC heap after
{Heap after GC invocations=1 (full 0):
 garbage-first heap   total 118784K, used 9856K [0x000000008c200000, 0x0000000100000000)
  region size 1024K, 3 young (3072K), 3 survivors (3072K)
 Metaspace       used 4753K, committed 4864K, reserved 1114112K
  class space    used 522K, committed 576K, reserved 1048576K
}

Dll operation events (8 events):
Event: 0.067 Loaded shared library C:\Program Files\Java\jdk-21.0.10\bin\java.dll
Event: 0.147 Loaded shared library C:\Program Files\Java\jdk-21.0.10\bin\jsvml.dll
Event: 0.201 Loaded shared library C:\Program Files\Java\jdk-21.0.10\bin\net.dll
Event: 0.208 Loaded shared library C:\Program Files\Java\jdk-21.0.10\bin\nio.dll
Event: 0.219 Loaded shared library C:\Program Files\Java\jdk-21.0.10\bin\zip.dll
Event: 0.403 Loaded shared library C:\Program Files\Java\jdk-21.0.10\bin\management.dll
Event: 0.438 Loaded shared library C:\Program Files\Java\jdk-21.0.10\bin\management_ext.dll
Event: 0.506 Loaded shared library C:\Program Files\Java\jdk-21.0.10\bin\jimage.dll

Deoptimization events (20 events):
Event: 3.925 Thread 0x000001d3e9b91160 DEOPT PACKING pc=0x000001d387b518b8 sp=0x0000000ac34fdba0
Event: 3.925 Thread 0x000001d3e9b91160 DEOPT UNPACKING pc=0x000001d3875846a2 sp=0x0000000ac34fdb38 mode 2
Event: 4.377 Thread 0x000001d3e9b91160 Uncommon trap: trap_request=0xffffff45 fr.pc=0x000001d387b41ed0 relative=0x0000000000000290
Event: 4.377 Thread 0x000001d3e9b91160 Uncommon trap: reason=unstable_if action=reinterpret pc=0x000001d387b41ed0 method=java.util.concurrent.ConcurrentHashMap.get(Ljava/lang/Object;)Ljava/lang/Object; @ 86 c2
Event: 4.377 Thread 0x000001d3e9b91160 DEOPT PACKING pc=0x000001d387b41ed0 sp=0x0000000ac34fcd40
Event: 4.377 Thread 0x000001d3e9b91160 DEOPT UNPACKING pc=0x000001d3875846a2 sp=0x0000000ac34fccb8 mode 2
Event: 4.429 Thread 0x000001d3e9b91160 Uncommon trap: trap_request=0xffffff45 fr.pc=0x000001d387b66320 relative=0x00000000000003c0
Event: 4.429 Thread 0x000001d3e9b91160 Uncommon trap: reason=unstable_if action=reinterpret pc=0x000001d387b66320 method=java.lang.Integer.getChars(II[B)I @ 25 c2
Event: 4.429 Thread 0x000001d3e9b91160 DEOPT PACKING pc=0x000001d387b66320 sp=0x0000000ac34fbb00
Event: 4.429 Thread 0x000001d3e9b91160 DEOPT UNPACKING pc=0x000001d3875846a2 sp=0x0000000ac34fb9d0 mode 2
Event: 4.476 Thread 0x000001d3e9b91160 DEOPT PACKING pc=0x000001d3800f0888 sp=0x0000000ac34f7380
Event: 4.477 Thread 0x000001d3e9b91160 DEOPT UNPACKING pc=0x000001d387584e42 sp=0x0000000ac34f6808 mode 0
Event: 4.520 Thread 0x000001d3e9b91160 Uncommon trap: trap_request=0xffffffc6 fr.pc=0x000001d387b5d5c8 relative=0x0000000000000a68
Event: 4.520 Thread 0x000001d3e9b91160 Uncommon trap: reason=bimorphic_or_optimized_type_check action=maybe_recompile pc=0x000001d387b5d5c8 method=java.util.HashMap.putVal(ILjava/lang/Object;Ljava/lang/Object;ZZ)Ljava/lang/Object; @ 152 c2
Event: 4.520 Thread 0x000001d3e9b91160 DEOPT PACKING pc=0x000001d387b5d5c8 sp=0x0000000ac34f9610
Event: 4.520 Thread 0x000001d3e9b91160 DEOPT UNPACKING pc=0x000001d3875846a2 sp=0x0000000ac34f95a0 mode 2
Event: 4.520 Thread 0x000001d3e9b91160 Uncommon trap: trap_request=0xffffffc6 fr.pc=0x000001d387b5d5c8 relative=0x0000000000000a68
Event: 4.520 Thread 0x000001d3e9b91160 Uncommon trap: reason=bimorphic_or_optimized_type_check action=maybe_recompile pc=0x000001d387b5d5c8 method=java.util.HashMap.putVal(ILjava/lang/Object;Ljava/lang/Object;ZZ)Ljava/lang/Object; @ 152 c2
Event: 4.520 Thread 0x000001d3e9b91160 DEOPT PACKING pc=0x000001d387b5d5c8 sp=0x0000000ac34f9610
Event: 4.520 Thread 0x000001d3e9b91160 DEOPT UNPACKING pc=0x000001d3875846a2 sp=0x0000000ac34f95a0 mode 2

Classes loaded (20 events):
Event: 4.518 Loading class java/lang/ProcessEnvironment$EntryComparator
Event: 4.519 Loading class java/lang/ProcessEnvironment$EntryComparator done
Event: 4.520 Loading class java/lang/ProcessEnvironment$CheckedEntrySet
Event: 4.521 Loading class java/lang/ProcessEnvironment$CheckedEntrySet done
Event: 4.522 Loading class java/lang/ProcessEnvironment$CheckedEntrySet$1
Event: 4.522 Loading class java/lang/ProcessEnvironment$CheckedEntrySet$1 done
Event: 4.523 Loading class java/lang/ProcessEnvironment$CheckedEntry
Event: 4.523 Loading class java/lang/ProcessEnvironment$CheckedEntry done
Event: 4.525 Loading class java/util/Collections$UnmodifiableMap$UnmodifiableEntrySet
Event: 4.525 Loading class java/util/Collections$UnmodifiableMap$UnmodifiableEntrySet done
Event: 4.526 Loading class java/util/Collections$UnmodifiableMap$UnmodifiableEntrySet$1
Event: 4.526 Loading class java/util/Collections$UnmodifiableMap$UnmodifiableEntrySet$1 done
Event: 4.527 Loading class java/util/Collections$UnmodifiableMap$UnmodifiableEntrySet$UnmodifiableEntry
Event: 4.527 Loading class java/util/Collections$UnmodifiableMap$UnmodifiableEntrySet$UnmodifiableEntry done
Event: 4.529 Loading class java/util/regex/Pattern$SliceI
Event: 4.530 Loading class java/util/regex/Pattern$SliceI done
Event: 4.534 Loading class java/lang/Character$UnicodeBlock
Event: 4.538 Loading class java/lang/Character$Subset
Event: 4.538 Loading class java/lang/Character$Subset done
Event: 4.540 Loading class java/lang/Character$UnicodeBlock done

Classes unloaded (0 events):
No events

Classes redefined (0 events):
No events

Internal exceptions (20 events):
Event: 3.721 Thread 0x000001d3e9b91160 Exception <a 'java/lang/NoSuchMethodError'{0x00000000930938b0}: 'int java.lang.invoke.DirectMethodHandle$Holder.invokeStaticInit(java.lang.Object, java.lang.Object, java.lang.Object)'> (0x00000000930938b0) 
thrown [s\open\src\hotspot\share\interpreter\linkResolver.cpp, line 773]
Event: 3.723 Thread 0x000001d3e9b91160 Exception <a 'java/lang/NoSuchMethodError'{0x0000000093097210}: 'int java.lang.invoke.DirectMethodHandle$Holder.invokeStaticInit(java.lang.Object, int, int)'> (0x0000000093097210) 
thrown [s\open\src\hotspot\share\interpreter\linkResolver.cpp, line 773]
Event: 3.727 Thread 0x000001d3e9b91160 Exception <a 'java/lang/NoSuchMethodError'{0x000000009309e8a0}: 'int java.lang.invoke.DirectMethodHandle$Holder.invokeStaticInit(java.lang.Object, long, long)'> (0x000000009309e8a0) 
thrown [s\open\src\hotspot\share\interpreter\linkResolver.cpp, line 773]
Event: 3.731 Thread 0x000001d3e9b91160 Exception <a 'java/lang/NoSuchMethodError'{0x00000000930a5488}: 'int java.lang.invoke.DirectMethodHandle$Holder.invokeStaticInit(java.lang.Object, float, float)'> (0x00000000930a5488) 
thrown [s\open\src\hotspot\share\interpreter\linkResolver.cpp, line 773]
Event: 3.735 Thread 0x000001d3e9b91160 Exception <a 'java/lang/NoSuchMethodError'{0x00000000930ac068}: 'int java.lang.invoke.DirectMethodHandle$Holder.invokeStaticInit(java.lang.Object, double, double)'> (0x00000000930ac068) 
thrown [s\open\src\hotspot\share\interpreter\linkResolver.cpp, line 773]
Event: 3.737 Thread 0x000001d3e9b91160 Exception <a 'java/lang/NoSuchMethodError'{0x00000000930b06c8}: 'int java.lang.invoke.DirectMethodHandle$Holder.invokeStatic(java.lang.Object, long)'> (0x00000000930b06c8) 
thrown [s\open\src\hotspot\share\interpreter\linkResolver.cpp, line 773]
Event: 3.749 Thread 0x000001d3e9b91160 Exception <a 'java/lang/NoSuchMethodError'{0x00000000930cea50}: 'int java.lang.invoke.Invokers$Holder.linkToTargetMethod(java.lang.Object, java.lang.Object)'> (0x00000000930cea50) 
thrown [s\open\src\hotspot\share\interpreter\linkResolver.cpp, line 773]
Event: 3.778 Thread 0x000001d3e9b91160 Exception <a 'java/lang/NoSuchMethodError'{0x0000000092f36f40}: 'void java.lang.invoke.DirectMethodHandle$Holder.invokeInterface(java.lang.Object, java.lang.Object, java.lang.Object, java.lang.Object, java.lang.Object)'> (0x0000000092f36f40) 
thrown [s\open\src\hotspot\share\interpreter\linkResolver.cpp, line 773]
Event: 3.779 Thread 0x000001d3e9b91160 Exception <a 'java/lang/IncompatibleClassChangeError'{0x0000000092f3abf0}: Found class java.lang.Object, but interface was expected> (0x0000000092f3abf0) 
thrown [s\open\src\hotspot\share\interpreter\linkResolver.cpp, line 840]
Event: 3.807 Thread 0x000001d3e9b91160 Exception <a 'java/lang/IncompatibleClassChangeError'{0x0000000092f84c30}: Found class java.lang.Object, but interface was expected> (0x0000000092f84c30) 
thrown [s\open\src\hotspot\share\interpreter\linkResolver.cpp, line 840]
Event: 3.873 Thread 0x000001d3e9b91160 Exception <a 'java/lang/IncompatibleClassChangeError'{0x0000000092e34070}: Found class java.lang.Object, but interface was expected> (0x0000000092e34070) 
thrown [s\open\src\hotspot\share\interpreter\linkResolver.cpp, line 840]
Event: 3.877 Thread 0x000001d3e9b91160 Exception <a 'java/lang/NoSuchMethodError'{0x0000000092e3d568}: 'void java.lang.invoke.DirectMethodHandle$Holder.invokeSpecial(java.lang.Object, java.lang.Object, java.lang.Object, java.lang.Object, java.lang.Object)'> (0x0000000092e3d568) 
thrown [s\open\src\hotspot\share\interpreter\linkResolver.cpp, line 773]
Event: 3.880 Thread 0x000001d3e9b91160 Exception <a 'java/lang/NoSuchMethodError'{0x0000000092e49b28}: 'void java.lang.invoke.DirectMethodHandle$Holder.invokeInterface(java.lang.Object, java.lang.Object)'> (0x0000000092e49b28) 
thrown [s\open\src\hotspot\share\interpreter\linkResolver.cpp, line 773]
Event: 3.881 Thread 0x000001d3e9b91160 Exception <a 'java/lang/IncompatibleClassChangeError'{0x0000000092e4cde8}: Found class java.lang.Object, but interface was expected> (0x0000000092e4cde8) 
thrown [s\open\src\hotspot\share\interpreter\linkResolver.cpp, line 840]
Event: 3.938 Thread 0x000001d3e9b91160 Exception <a 'java/lang/NoSuchMethodError'{0x0000000092ee85e8}: 'void java.lang.invoke.DirectMethodHandle$Holder.invokeInterface(java.lang.Object, java.lang.Object, java.lang.Object, java.lang.Object)'> (0x0000000092ee85e8) 
thrown [s\open\src\hotspot\share\interpreter\linkResolver.cpp, line 773]
Event: 3.939 Thread 0x000001d3e9b91160 Exception <a 'java/lang/IncompatibleClassChangeError'{0x0000000092eeba50}: Found class java.lang.Object, but interface was expected> (0x0000000092eeba50) 
thrown [s\open\src\hotspot\share\interpreter\linkResolver.cpp, line 840]
Event: 4.011 Thread 0x000001d3e9b91160 Exception <a 'java/lang/NoSuchMethodError'{0x0000000092db4d38}: 'int java.lang.invoke.DirectMethodHandle$Holder.invokeStatic(java.lang.Object, java.lang.Object, java.lang.Object, java.lang.Object, java.lang.Object)'> (0x0000000092db4d38) 
thrown [s\open\src\hotspot\share\interpreter\linkResolver.cpp, line 773]
Event: 4.180 Thread 0x000001d3e9b91160 Exception <a 'java/lang/NoSuchMethodError'{0x0000000092b5e6b0}: 'java.lang.Object java.lang.invoke.DirectMethodHandle$Holder.invokeSpecial(java.lang.Object, java.lang.Object, java.lang.Object, int, java.lang.Object)'> (0x0000000092b5e6b0) 
thrown [s\open\src\hotspot\share\interpreter\linkResolver.cpp, line 773]
Event: 4.224 Thread 0x000001d3e9b91160 Exception <a 'java/lang/NoSuchMethodError'{0x0000000092ba7f48}: 'java.lang.Object java.lang.invoke.DirectMethodHandle$Holder.invokeSpecial(java.lang.Object, java.lang.Object, int, java.lang.Object, int)'> (0x0000000092ba7f48) 
thrown [s\open\src\hotspot\share\interpreter\linkResolver.cpp, line 773]
Event: 4.361 Thread 0x000001d3e9b91160 Exception <a 'java/lang/NoSuchMethodError'{0x0000000092afbd48}: 'java.lang.Object java.lang.invoke.DirectMethodHandle$Holder.newInvokeSpecial(java.lang.Object, java.lang.Object, int)'> (0x0000000092afbd48) 
thrown [s\open\src\hotspot\share\interpreter\linkResolver.cpp, line 773]

ZGC Phase Switch (0 events):
No events

VM Operations (20 events):
Event: 1.424 Executing VM operation: HandshakeAllThreads (Deoptimize)
Event: 1.424 Executing VM operation: HandshakeAllThreads (Deoptimize) done
Event: 2.150 Executing VM operation: HandshakeAllThreads (Deoptimize)
Event: 2.150 Executing VM operation: HandshakeAllThreads (Deoptimize) done
Event: 2.235 Executing VM operation: HandshakeAllThreads (Deoptimize)
Event: 2.235 Executing VM operation: HandshakeAllThreads (Deoptimize) done
Event: 2.235 Executing VM operation: Cleanup
Event: 2.235 Executing VM operation: Cleanup done
Event: 2.235 Executing VM operation: HandshakeAllThreads (Deoptimize)
Event: 2.236 Executing VM operation: HandshakeAllThreads (Deoptimize) done
Event: 2.711 Executing VM operation: HandshakeAllThreads (Deoptimize)
Event: 2.711 Executing VM operation: HandshakeAllThreads (Deoptimize) done
Event: 3.146 Executing VM operation: G1CollectForAllocation (G1 Evacuation Pause)
Event: 3.161 Executing VM operation: G1CollectForAllocation (G1 Evacuation Pause) done
Event: 3.696 Executing VM operation: HandshakeAllThreads (Deoptimize)
Event: 3.696 Executing VM operation: HandshakeAllThreads (Deoptimize) done
Event: 4.517 Executing VM operation: HandshakeAllThreads (Deoptimize)
Event: 4.517 Executing VM operation: HandshakeAllThreads (Deoptimize) done
Event: 4.517 Executing VM operation: Cleanup
Event: 4.517 Executing VM operation: Cleanup done

Events (13 events):
Event: 0.099 Thread 0x000001d3e9b91160 Thread added: 0x000001d3e9b91160
Event: 0.138 Thread 0x000001d3f94286f0 Thread added: 0x000001d3f94286f0
Event: 0.141 Thread 0x000001d3f942c160 Thread added: 0x000001d3f942c160
Event: 0.142 Thread 0x000001d3f942f740 Thread added: 0x000001d3f942f740
Event: 0.143 Thread 0x000001d3f9430890 Thread added: 0x000001d3f9430890
Event: 0.143 Thread 0x000001d3f9431e60 Thread added: 0x000001d3f9431e60
Event: 0.143 Thread 0x000001d3f94328c0 Thread added: 0x000001d3f94328c0
Event: 0.143 Thread 0x000001d3f94341c0 Thread added: 0x000001d3f94341c0
Event: 0.143 Thread 0x000001d3f94357d0 Thread added: 0x000001d3f94357d0
Event: 0.187 Thread 0x000001d3f96e0790 Thread added: 0x000001d3f96e0790
Event: 0.193 Thread 0x000001d3f970e5e0 Thread added: 0x000001d3f970e5e0
Event: 1.528 Thread 0x000001d3f984acf0 Thread added: 0x000001d3f984acf0
Event: 1.569 Thread 0x000001d3fe69c280 Thread added: 0x000001d3fe69c280


Dynamic libraries:
0x00007ff7b42d0000 - 0x00007ff7b42e0000 	C:\Program Files\Java\jdk-21.0.10\bin\java.exe
0x00007ffe2c6a0000 - 0x00007ffe2c907000 	C:\WINDOWS\SYSTEM32\ntdll.dll
0x00007ffe2bce0000 - 0x00007ffe2bda9000 	C:\WINDOWS\System32\KERNEL32.DLL
0x00007ffe29d80000 - 0x00007ffe2a171000 	C:\WINDOWS\System32\KERNELBASE.dll
0x00007ffe2a2f0000 - 0x00007ffe2a43b000 	C:\WINDOWS\System32\ucrtbase.dll
0x00007ffe246c0000 - 0x00007ffe246d9000 	C:\Program Files\Java\jdk-21.0.10\bin\jli.dll
0x00007ffe24ce0000 - 0x00007ffe24cfe000 	C:\Program Files\Java\jdk-21.0.10\bin\VCRUNTIME140.dll
0x00007ffe2c1c0000 - 0x00007ffe2c27b000 	C:\WINDOWS\System32\ADVAPI32.dll
0x00007ffe2c110000 - 0x00007ffe2c1b9000 	C:\WINDOWS\System32\msvcrt.dll
0x00007ffe2c5b0000 - 0x00007ffe2c657000 	C:\WINDOWS\System32\sechost.dll
0x00007ffe2c310000 - 0x00007ffe2c428000 	C:\WINDOWS\System32\RPCRT4.dll
0x00007ffe2a440000 - 0x00007ffe2a605000 	C:\WINDOWS\System32\USER32.dll
0x00007ffe17770000 - 0x00007ffe17a03000 	C:\WINDOWS\WinSxS\amd64_microsoft.windows.common-controls_6595b64144ccf1df_6.0.26100.8037_none_3e092faae333b53b\COMCTL32.dll
0x00007ffe29b20000 - 0x00007ffe29b47000 	C:\WINDOWS\System32\win32u.dll
0x00007ffe2ace0000 - 0x00007ffe2ad0b000 	C:\WINDOWS\System32\GDI32.dll
0x00007ffe29040000 - 0x00007ffe2916b000 	C:\WINDOWS\System32\gdi32full.dll
0x00007ffe29b50000 - 0x00007ffe29bf3000 	C:\WINDOWS\System32\msvcp_win.dll
0x00007ffe1bb60000 - 0x00007ffe1bb6b000 	C:\WINDOWS\SYSTEM32\VERSION.dll
0x00007ffe2c4f0000 - 0x00007ffe2c521000 	C:\WINDOWS\System32\IMM32.DLL
0x00007ffe24cd0000 - 0x00007ffe24cdc000 	C:\Program Files\Java\jdk-21.0.10\bin\vcruntime140_1.dll
0x00007ffe08600000 - 0x00007ffe0868d000 	C:\Program Files\Java\jdk-21.0.10\bin\msvcp140.dll
0x00007ffd9c750000 - 0x00007ffd9d477000 	C:\Program Files\Java\jdk-21.0.10\bin\server\jvm.dll
0x00007ffe2bf10000 - 0x00007ffe2bf84000 	C:\WINDOWS\System32\WS2_32.dll
0x00007ffe28de0000 - 0x00007ffe28e3e000 	C:\WINDOWS\SYSTEM32\POWRPROF.dll
0x00007ffe1f3e0000 - 0x00007ffe1f415000 	C:\WINDOWS\SYSTEM32\WINMM.dll
0x00007ffe28dc0000 - 0x00007ffe28dd4000 	C:\WINDOWS\SYSTEM32\UMPDC.dll
0x00007ffe27d10000 - 0x00007ffe27d2b000 	C:\WINDOWS\SYSTEM32\kernel.appcore.dll
0x00007ffe24680000 - 0x00007ffe2468a000 	C:\Program Files\Java\jdk-21.0.10\bin\jimage.dll
0x00007ffe1c900000 - 0x00007ffe1cb42000 	C:\WINDOWS\SYSTEM32\DBGHELP.DLL
0x00007ffe2a690000 - 0x00007ffe2aa12000 	C:\WINDOWS\System32\combase.dll
0x00007ffe2ac00000 - 0x00007ffe2acd7000 	C:\WINDOWS\System32\OLEAUT32.dll
0x00007ffe0c790000 - 0x00007ffe0c7cb000 	C:\WINDOWS\SYSTEM32\dbgcore.DLL
0x00007ffe299e0000 - 0x00007ffe29a85000 	C:\WINDOWS\System32\bcryptPrimitives.dll
0x00007ffe1b330000 - 0x00007ffe1b351000 	C:\Program Files\Java\jdk-21.0.10\bin\java.dll
0x00007ffe2b470000 - 0x00007ffe2bbcf000 	C:\WINDOWS\System32\SHELL32.dll
0x00007ffe2a180000 - 0x00007ffe2a2ea000 	C:\WINDOWS\System32\wintypes.dll
0x00007ffe29170000 - 0x00007ffe299d4000 	C:\WINDOWS\System32\windows.storage.dll
0x00007ffe2bbe0000 - 0x00007ffe2bcd7000 	C:\WINDOWS\System32\SHCORE.dll
0x00007ffe2ad40000 - 0x00007ffe2ada7000 	C:\WINDOWS\System32\shlwapi.dll
0x00007ffe28ea0000 - 0x00007ffe28ec9000 	C:\WINDOWS\SYSTEM32\profapi.dll
0x00007ffe00fc0000 - 0x00007ffe01097000 	C:\Program Files\Java\jdk-21.0.10\bin\jsvml.dll
0x00007ffe24630000 - 0x00007ffe24641000 	C:\Program Files\Java\jdk-21.0.10\bin\net.dll
0x00007ffe1e620000 - 0x00007ffe1e747000 	C:\WINDOWS\SYSTEM32\WINHTTP.dll
0x00007ffe28280000 - 0x00007ffe282eb000 	C:\WINDOWS\system32\mswsock.dll
0x00007ffe1b410000 - 0x00007ffe1b426000 	C:\Program Files\Java\jdk-21.0.10\bin\nio.dll
0x00007ffe1b310000 - 0x00007ffe1b328000 	C:\Program Files\Java\jdk-21.0.10\bin\zip.dll
0x00007ffe24600000 - 0x00007ffe2460a000 	C:\Program Files\Java\jdk-21.0.10\bin\management.dll
0x00007ffe1e2f0000 - 0x00007ffe1e2fc000 	C:\Program Files\Java\jdk-21.0.10\bin\management_ext.dll
0x00007ffe2c530000 - 0x00007ffe2c538000 	C:\WINDOWS\System32\PSAPI.DLL

dbghelp: loaded successfully - version: 4.0.5 - missing functions: none
symbol engine: initialized successfully - sym options: 0x614 - pdb path: .;C:\Program Files\Java\jdk-21.0.10\bin;C:\WINDOWS\SYSTEM32;C:\WINDOWS\WinSxS\amd64_microsoft.windows.common-controls_6595b64144ccf1df_6.0.26100.8037_none_3e092faae333b53b;C:\Program Files\Java\jdk-21.0.10\bin\server

VM Arguments:
java_command: C:\Users\usuario\AppData\Local\Temp\surefire5834145006772497523\surefirebooter-20260405220442795_3.jar C:\Users\usuario\AppData\Local\Temp\surefire5834145006772497523 2026-04-05T22-04-41_605-jvmRun1 surefire-20260405220442795_1tmp surefire_0-20260405220442795_2tmp
java_class_path (initial): C:\Users\usuario\AppData\Local\Temp\surefire5834145006772497523\surefirebooter-20260405220442795_3.jar
Launcher Type: SUN_STANDARD

[Global flags]
     intx CICompilerCount                          = 4                                         {product} {ergonomic}
     uint ConcGCThreads                            = 2                                         {product} {ergonomic}
     uint G1ConcRefinementThreads                  = 8                                         {product} {ergonomic}
   size_t G1HeapRegionSize                         = 1048576                                   {product} {ergonomic}
    uintx GCDrainStackTargetSize                   = 64                                        {product} {ergonomic}
   size_t InitialHeapSize                          = 121634816                                 {product} {ergonomic}
   size_t MarkStackSize                            = 4194304                                   {product} {ergonomic}
   size_t MaxHeapSize                              = 1944059904                                {product} {ergonomic}
   size_t MaxNewSize                               = 1166016512                                {product} {ergonomic}
   size_t MinHeapDeltaBytes                        = 1048576                                   {product} {ergonomic}
   size_t MinHeapSize                              = 8388608                                   {product} {ergonomic}
    uintx NonNMethodCodeHeapSize                   = 5839372                                {pd product} {ergonomic}
    uintx NonProfiledCodeHeapSize                  = 122909434                              {pd product} {ergonomic}
    uintx ProfiledCodeHeapSize                     = 122909434                              {pd product} {ergonomic}
    uintx ReservedCodeCacheSize                    = 251658240                              {pd product} {ergonomic}
     bool SegmentedCodeCache                       = true                                      {product} {ergonomic}
   size_t SoftMaxHeapSize                          = 1944059904                             {manageable} {ergonomic}
     bool UseCompressedOops                        = true                           {product lp64_product} {ergonomic}
     bool UseG1GC                                  = true                                      {product} {ergonomic}
     bool UseLargePagesIndividualAllocation        = false                                  {pd product} {ergonomic}

Logging:
Log output configuration:
 #0: stdout all=warning uptime,level,tags foldmultilines=false
 #1: stderr all=off uptime,level,tags foldmultilines=false

Environment Variables:
JAVA_HOME=C:\Program Files\Java\jdk-21.0.10
PATH=C:\Program Files\Python313\;C:\Program Files\Common Files\Oracle\Java\javapath;C:\WINDOWS\system32;C:\WINDOWS;C:\WINDOWS\System32\Wbem;C:\WINDOWS\System32\WindowsPowerShell\v1.0\;C:\WINDOWS\System32\OpenSSH\;C:\Program Files\Git\cmd;C:\Users\usuario\AppData\Local\Android\Sdk\platform-tools;C:\Users\usuario\AppData\Local\Android\Sdk;C:\Users\usuario\Downloads\gradle-8.10.1-bin\gradle-8.10.1\bin;C:\Program Files\apache-maven-3.9.11-bin\apache-maven-3.9.11\bin;C:\flutter\bin;C:\Users\usuario\AppData\Local\nvm;C:\nvm4w\nodejs;C:\Program Files\Python313\Scripts;C:\Users\usuario\AppData\Roaming\Python\Python313\Scripts;C:\Program Files\MySQL\MySQL Server 8.0\bin;C:\Program Files\Java\jdk-21.0.10\bin;C:\Program Files\Java\jdk-21.0.10\bin;C:\Program Files\Docker\Docker\resources\bin;C:\Users\usuario\.rover\bin;C:\Program Files\MySQL\MySQL Shell 8.0\bin\;C:\Users\usuario\AppData\Local\Android\Sdk\tools;C:\Users\usuario\AppData\Local\Microsoft\WindowsApps;C:\Users\usuario\AppData\Local\Programs\Microsoft VS Code\bin;C:\Users\usuario\AppData\Roaming\npm;C:\Users\usuario\Downloads\gradle-8.10.1-bin\gradle-8.10.1\bin;C:\dev\flutter\bin;C:\Program Files\PostgreSQL\17\pgAdmin 4\runtime;C:\Users\usuario\AppData\Local\nvm;C:\nvm4w\nodejs
USERNAME=usuario
OS=Windows_NT
PROCESSOR_IDENTIFIER=AMD64 Family 23 Model 160 Stepping 0, AuthenticAMD
TMP=C:\Users\usuario\AppData\Local\Temp
TEMP=C:\Users\usuario\AppData\Local\Temp




Periodic native trim disabled

---------------  S Y S T E M  ---------------

OS:
 Windows 11 , 64 bit Build 26100 (10.0.26100.7920)
OS uptime: 0 days 6:28 hours
Hyper-V role detected

CPU: total 8 (initial active 8) (8 cores per cpu, 2 threads per core) family 23 model 160 stepping 0 microcode 0x8a00006, cx8, cmov, fxsr, ht, mmx, 3dnowpref, sse, sse2, sse3, ssse3, sse4a, sse4.1, sse4.2, popcnt, lzcnt, tsc, tscinvbit, avx, avx2, aes, clmul, bmi1, bmi2, adx, sha, fma, vzeroupper, clflush, clflushopt, hv, rdtscp, rdpid, f16c
Processor Information for all 8 processors :
  Max Mhz: 2801, Current Mhz: 2483, Mhz Limit: 2801

Memory: 4k page, system-wide physical 7413M (197M free)
TotalPageFile size 29941M (AvailPageFile size 5M)
current process WorkingSet (physical memory assigned to process): 98M, peak: 99M
current process commit charge ("private bytes"): 225M, peak: 228M

vm_info: Java HotSpot(TM) 64-Bit Server VM (21.0.10+8-LTS-217) for windows-amd64 JRE (21.0.10+8-LTS-217), built on 2025-12-18T14:59:28Z by "mach5run" with MS VC++ 17.13 (VS2022)

END.
